<?xml version="1.0" encoding="UTF-8"?>
<!-- Generated by org.testng.reporters.JUnitReportReporter -->
<testsuite hostname="DESKTOP-U2PLED1" failures="0" tests="3" name="TestNgFramework.diff_module" time="0.013" errors="0" timestamp="2024-11-04T23:59:48 PKT" skipped="0">
  <testcase classname="TestNgFramework.diff_module" name="webapplicationdemo" time="0.004"/>
  <testcase classname="TestNgFramework.diff_module" name="apiapplicationdemo" time="0.005"/>
  <testcase classname="TestNgFramework.diff_module" name="mobileapplicationdemo" time="0.004"/>
</testsuite> <!-- TestNgFramework.diff_module -->
