<?xml version="1.0" encoding="UTF-8"?>
<!-- Generated by org.testng.reporters.JUnitReportReporter -->
<testsuite hostname="DESKTOP-U2PLED1" failures="0" tests="3" name="TestNgFramework.diff_module" time="0.011" errors="0" timestamp="2024-12-01T10:08:11 PKT" skipped="0">
  <testcase classname="TestNgFramework.diff_module" name="apiapplicationdemo" time="0.003"/>
  <testcase classname="TestNgFramework.diff_module" name="mobileapplicationdemo" time="0.003"/>
  <testcase classname="TestNgFramework.diff_module" name="webapplicationdemo" time="0.005"/>
</testsuite> <!-- TestNgFramework.diff_module -->
