<?xml version="1.0" encoding="UTF-8"?>
<!-- Generated by org.testng.reporters.JUnitReportReporter -->
<testsuite hostname="DESKTOP-U2PLED1" failures="0" tests="2" name="TestNgFramework.TestNg_Basic2" time="0.006" errors="0" timestamp="2024-12-01T10:08:11 PKT" skipped="0">
  <testcase classname="TestNgFramework.TestNg_Basic2" name="gotoSignin" time="0.004"/>
  <testcase classname="TestNgFramework.TestNg_Basic2" name="gotosignout" time="0.002"/>
</testsuite> <!-- TestNgFramework.TestNg_Basic2 -->
